0 info it worked if it ends with ok
1 verbose cli [ '/Users/rns/.nvm/versions/node/v6.11.0/bin/node',
1 verbose cli   '/Users/rns/.nvm/versions/node/v6.11.0/bin/npm',
1 verbose cli   'start' ]
2 info using npm@3.10.10
3 info using node@v6.11.0
4 verbose run-script [ 'prestart', 'start', 'poststart' ]
5 info lifecycle hapinote@1.0.0~prestart: hapinote@1.0.0
6 silly lifecycle hapinote@1.0.0~prestart: no script for prestart, continuing
7 info lifecycle hapinote@1.0.0~start: hapinote@1.0.0
8 verbose lifecycle hapinote@1.0.0~start: unsafe-perm in lifecycle true
9 verbose lifecycle hapinote@1.0.0~start: PATH: /Users/rns/.nvm/versions/node/v6.11.0/lib/node_modules/npm/bin/node-gyp-bin:/Users/rns/Desktop/Hapi_Note/node_modules/.bin:/Users/rns/.nvm/versions/node/v6.11.0/bin:/usr/local/bin:/usr/bin:/bin:/usr/sbin:/sbin
10 verbose lifecycle hapinote@1.0.0~start: CWD: /Users/rns/Desktop/Hapi_Note
11 silly lifecycle hapinote@1.0.0~start: Args: [ '-c', 'nodemon server.js & gulp' ]
12 silly lifecycle hapinote@1.0.0~start: Returned: code: 1  signal: null
13 info lifecycle hapinote@1.0.0~start: Failed to exec start script
14 verbose stack Error: hapinote@1.0.0 start: `nodemon server.js & gulp`
14 verbose stack Exit status 1
14 verbose stack     at EventEmitter.<anonymous> (/Users/rns/.nvm/versions/node/v6.11.0/lib/node_modules/npm/lib/utils/lifecycle.js:255:16)
14 verbose stack     at emitTwo (events.js:106:13)
14 verbose stack     at EventEmitter.emit (events.js:191:7)
14 verbose stack     at ChildProcess.<anonymous> (/Users/rns/.nvm/versions/node/v6.11.0/lib/node_modules/npm/lib/utils/spawn.js:40:14)
14 verbose stack     at emitTwo (events.js:106:13)
14 verbose stack     at ChildProcess.emit (events.js:191:7)
14 verbose stack     at maybeClose (internal/child_process.js:891:16)
14 verbose stack     at Process.ChildProcess._handle.onexit (internal/child_process.js:226:5)
15 verbose pkgid hapinote@1.0.0
16 verbose cwd /Users/rns/Desktop/Hapi_Note
17 error Darwin 16.6.0
18 error argv "/Users/rns/.nvm/versions/node/v6.11.0/bin/node" "/Users/rns/.nvm/versions/node/v6.11.0/bin/npm" "start"
19 error node v6.11.0
20 error npm  v3.10.10
21 error code ELIFECYCLE
22 error hapinote@1.0.0 start: `nodemon server.js & gulp`
22 error Exit status 1
23 error Failed at the hapinote@1.0.0 start script 'nodemon server.js & gulp'.
23 error Make sure you have the latest version of node.js and npm installed.
23 error If you do, this is most likely a problem with the hapinote package,
23 error not with npm itself.
23 error Tell the author that this fails on your system:
23 error     nodemon server.js & gulp
23 error You can get information on how to open an issue for this project with:
23 error     npm bugs hapinote
23 error Or if that isn't available, you can get their info via:
23 error     npm owner ls hapinote
23 error There is likely additional logging output above.
24 verbose exit [ 1, true ]
